INFO  09:14:42 Application started. Press Ctrl+C to shut down.
INFO  09:14:42 Application started. Press Ctrl+C to shut down.
INFO  09:14:42 Hosting environment: Development
INFO  09:14:42 Hosting environment: Development
INFO  09:14:42 Content root path: D:\MyAspDotNetProjects\AuditChecklistModule
INFO  09:14:42 Content root path: D:\MyAspDotNetProjects\AuditChecklistModule
INFO  09:15:07 AuditChecklistController Http GET request calledAuditChecklistController
INFO  09:15:07  Http GET request calledChecklistProvider
INFO  09:15:07 Log from ChecklistRepo
INFO  09:15:21 AuditChecklistController Http GET request calledAuditChecklistController
INFO  09:15:21  Http GET request calledChecklistProvider
INFO  09:15:21 Log from ChecklistRepo
INFO  09:17:22 Application started. Press Ctrl+C to shut down.
INFO  09:17:22 Application started. Press Ctrl+C to shut down.
INFO  09:17:22 Hosting environment: Development
INFO  09:17:22 Hosting environment: Development
INFO  09:17:22 Content root path: D:\MyAspDotNetProjects\AuditChecklistModule
INFO  09:17:22 Content root path: D:\MyAspDotNetProjects\AuditChecklistModule
INFO  09:17:28 AuditChecklistController Http GET request calledAuditChecklistController
INFO  09:17:28  Http GET request calledChecklistProvider
INFO  09:17:28 Log from ChecklistRepo
INFO  09:17:33 AuditChecklistController Http GET request calledAuditChecklistController
INFO  09:18:51 Application started. Press Ctrl+C to shut down.
INFO  09:18:51 Application started. Press Ctrl+C to shut down.
INFO  09:18:51 Hosting environment: Development
INFO  09:18:51 Hosting environment: Development
INFO  09:18:51 Content root path: D:\MyAspDotNetProjects\AuditChecklistModule
INFO  09:18:51 Content root path: D:\MyAspDotNetProjects\AuditChecklistModule
INFO  09:19:57 AuditChecklistController Http GET request calledAuditChecklistController
INFO  09:20:03 AuditChecklistController Http GET request calledAuditChecklistController
INFO  09:09:36 Application started. Press Ctrl+C to shut down.
INFO  09:09:36 Application started. Press Ctrl+C to shut down.
INFO  09:09:36 Hosting environment: Development
INFO  09:09:36 Hosting environment: Development
INFO  09:09:36 Content root path: C:\Users\suvin\Downloads\AuditChecklistModule
INFO  09:09:36 Content root path: C:\Users\suvin\Downloads\AuditChecklistModule
INFO  09:11:25 Application started. Press Ctrl+C to shut down.
INFO  09:11:25 Application started. Press Ctrl+C to shut down.
INFO  09:11:25 Hosting environment: Development
INFO  09:11:25 Hosting environment: Development
INFO  09:11:25 Content root path: C:\Users\suvin\Downloads\AuditChecklistModule
INFO  09:11:25 Content root path: C:\Users\suvin\Downloads\AuditChecklistModule
INFO  09:12:21 Application started. Press Ctrl+C to shut down.
INFO  09:12:21 Application started. Press Ctrl+C to shut down.
INFO  09:12:21 Hosting environment: Development
INFO  09:12:21 Hosting environment: Development
INFO  09:12:21 Content root path: C:\Users\suvin\Downloads\AuditChecklistModule
INFO  09:12:21 Content root path: C:\Users\suvin\Downloads\AuditChecklistModule
INFO  09:29:37 AuditChecklistController Http GET request calledAuditChecklistController
INFO  09:29:37  Http GET request calledChecklistProvider
INFO  09:29:37 Log from ChecklistRepo
INFO  09:30:24 AuditChecklistController Http GET request calledAuditChecklistController
INFO  09:30:24  Http GET request calledChecklistProvider
INFO  09:30:24 Log from ChecklistRepo
INFO  09:53:45 Application started. Press Ctrl+C to shut down.
INFO  09:53:45 Application started. Press Ctrl+C to shut down.
INFO  09:53:45 Hosting environment: Development
INFO  09:53:45 Hosting environment: Development
INFO  09:53:45 Content root path: C:\Users\suvin\Downloads\AuditChecklistModule
INFO  09:53:45 Content root path: C:\Users\suvin\Downloads\AuditChecklistModule
INFO  10:01:58 Application started. Press Ctrl+C to shut down.
INFO  10:01:58 Application started. Press Ctrl+C to shut down.
INFO  10:01:58 Hosting environment: Development
INFO  10:01:58 Hosting environment: Development
INFO  10:01:58 Content root path: C:\Users\suvin\Downloads\AuditChecklistModule
INFO  10:01:58 Content root path: C:\Users\suvin\Downloads\AuditChecklistModule
INFO  10:06:24 Application started. Press Ctrl+C to shut down.
INFO  10:06:24 Application started. Press Ctrl+C to shut down.
INFO  10:06:24 Hosting environment: Development
INFO  10:06:24 Hosting environment: Development
INFO  10:06:24 Content root path: C:\Users\suvin\Downloads\AuditChecklistModule
INFO  10:06:24 Content root path: C:\Users\suvin\Downloads\AuditChecklistModule
INFO  10:15:41 Application started. Press Ctrl+C to shut down.
INFO  10:15:41 Application started. Press Ctrl+C to shut down.
INFO  10:15:41 Hosting environment: Development
INFO  10:15:41 Hosting environment: Development
INFO  10:15:41 Content root path: C:\Users\suvin\Downloads\AuditChecklistModule
INFO  10:15:41 Content root path: C:\Users\suvin\Downloads\AuditChecklistModule
INFO  10:17:09 Application started. Press Ctrl+C to shut down.
INFO  10:17:09 Application started. Press Ctrl+C to shut down.
INFO  10:17:09 Hosting environment: Development
INFO  10:17:09 Hosting environment: Development
INFO  10:17:09 Content root path: C:\Users\suvin\Downloads\AuditChecklistModule
INFO  10:17:09 Content root path: C:\Users\suvin\Downloads\AuditChecklistModule
INFO  10:51:24 AuditChecklistController Http GET request calledAuditChecklistController
INFO  10:51:24  Http GET request calledChecklistProvider
INFO  10:51:24 Log from ChecklistRepo
INFO  10:51:49 AuditChecklistController Http GET request calledAuditChecklistController
INFO  10:51:49  Http GET request calledChecklistProvider
INFO  10:51:49 Log from ChecklistRepo
INFO  12:02:22 Application started. Press Ctrl+C to shut down.
INFO  12:02:22 Application started. Press Ctrl+C to shut down.
INFO  12:02:22 Hosting environment: Development
INFO  12:02:22 Hosting environment: Development
INFO  12:02:22 Content root path: C:\Users\suvin\Downloads\AuditChecklistModule
INFO  12:02:22 Content root path: C:\Users\suvin\Downloads\AuditChecklistModule
INFO  12:04:07 Application started. Press Ctrl+C to shut down.
INFO  12:04:07 Application started. Press Ctrl+C to shut down.
INFO  12:04:07 Hosting environment: Development
INFO  12:04:07 Hosting environment: Development
INFO  12:04:07 Content root path: C:\Users\suvin\Downloads\AuditChecklistModule
INFO  12:04:07 Content root path: C:\Users\suvin\Downloads\AuditChecklistModule
INFO  12:04:31 AuditChecklistController Http GET request calledAuditChecklistController
INFO  12:04:31  Http GET request calledChecklistProvider
INFO  12:04:31 Log from ChecklistRepo
INFO  12:09:53 Application started. Press Ctrl+C to shut down.
INFO  12:09:53 Application started. Press Ctrl+C to shut down.
INFO  12:09:53 Hosting environment: Development
INFO  12:09:53 Hosting environment: Development
INFO  12:09:53 Content root path: C:\Users\suvin\Downloads\AuditChecklistModule
INFO  12:09:53 Content root path: C:\Users\suvin\Downloads\AuditChecklistModule
INFO  12:15:15 Application started. Press Ctrl+C to shut down.
INFO  12:15:15 Application started. Press Ctrl+C to shut down.
INFO  12:15:15 Hosting environment: Development
INFO  12:15:15 Hosting environment: Development
INFO  12:15:15 Content root path: C:\Users\suvin\Downloads\AuditChecklistModule
INFO  12:15:15 Content root path: C:\Users\suvin\Downloads\AuditChecklistModule
INFO  03:21:52 Application started. Press Ctrl+C to shut down.
INFO  03:21:52 Application started. Press Ctrl+C to shut down.
INFO  03:21:52 Hosting environment: Development
INFO  03:21:52 Hosting environment: Development
INFO  03:21:52 Content root path: C:\Users\PRAVEEN KUMAR\OneDrive\Desktop\AuditManagementSystem-master\AuditManagementSystem-master\AuditChecklistModule
INFO  03:21:52 Content root path: C:\Users\PRAVEEN KUMAR\OneDrive\Desktop\AuditManagementSystem-master\AuditManagementSystem-master\AuditChecklistModule
INFO  10:16:22 Application started. Press Ctrl+C to shut down.
INFO  10:16:22 Application started. Press Ctrl+C to shut down.
INFO  10:16:22 Hosting environment: Development
INFO  10:16:22 Hosting environment: Development
INFO  10:16:22 Content root path: C:\Users\PRAVEEN KUMAR\OneDrive\Desktop\AuditManagementSystem-master\AuditManagementSystem-master\AuditChecklistModule
INFO  10:16:22 Content root path: C:\Users\PRAVEEN KUMAR\OneDrive\Desktop\AuditManagementSystem-master\AuditManagementSystem-master\AuditChecklistModule
INFO  10:33:30 Application started. Press Ctrl+C to shut down.
INFO  10:33:30 Application started. Press Ctrl+C to shut down.
INFO  10:33:30 Hosting environment: Development
INFO  10:33:30 Hosting environment: Development
INFO  10:33:30 Content root path: C:\Users\PRAVEEN KUMAR\OneDrive\Desktop\AuditManagementSystem-master\AuditManagementSystem-master\AuditChecklistModule
INFO  10:33:30 Content root path: C:\Users\PRAVEEN KUMAR\OneDrive\Desktop\AuditManagementSystem-master\AuditManagementSystem-master\AuditChecklistModule
INFO  10:39:27 AuditChecklistController Http GET request calledAuditChecklistController
INFO  10:39:27  Http GET request calledChecklistProvider
INFO  10:39:27 Log from ChecklistRepo
INFO  10:47:12 Application started. Press Ctrl+C to shut down.
INFO  10:47:12 Application started. Press Ctrl+C to shut down.
INFO  10:47:12 Hosting environment: Development
INFO  10:47:12 Hosting environment: Development
INFO  10:47:12 Content root path: C:\Users\PRAVEEN KUMAR\OneDrive\Desktop\AuditManagementSystem-master\AuditManagementSystem-master\AuditChecklistModule
INFO  10:47:12 Content root path: C:\Users\PRAVEEN KUMAR\OneDrive\Desktop\AuditManagementSystem-master\AuditManagementSystem-master\AuditChecklistModule
INFO  10:49:54 AuditChecklistController Http GET request calledAuditChecklistController
INFO  10:49:54  Http GET request calledChecklistProvider
INFO  10:49:54 Log from ChecklistRepo
INFO  10:55:32 AuditChecklistController Http GET request calledAuditChecklistController
INFO  10:55:32  Http GET request calledChecklistProvider
INFO  10:55:32 Log from ChecklistRepo
INFO  11:00:14 AuditChecklistController Http GET request calledAuditChecklistController
INFO  11:00:14  Http GET request calledChecklistProvider
INFO  11:00:14 Log from ChecklistRepo
INFO  11:00:18 AuditChecklistController Http GET request calledAuditChecklistController
INFO  11:00:18  Http GET request calledChecklistProvider
INFO  11:00:18 Log from ChecklistRepo
INFO  12:04:33 Application started. Press Ctrl+C to shut down.
INFO  12:04:33 Application started. Press Ctrl+C to shut down.
INFO  12:04:33 Hosting environment: Development
INFO  12:04:33 Hosting environment: Development
INFO  12:04:33 Content root path: C:\Users\PRAVEEN KUMAR\OneDrive\Desktop\AuditManagementSystem-master\AuditManagementSystem-master\AuditChecklistModule
INFO  12:04:33 Content root path: C:\Users\PRAVEEN KUMAR\OneDrive\Desktop\AuditManagementSystem-master\AuditManagementSystem-master\AuditChecklistModule
INFO  12:15:19 AuditChecklistController Http GET request calledAuditChecklistController
INFO  12:15:19  Http GET request calledChecklistProvider
INFO  12:15:19 Log from ChecklistRepo
INFO  12:23:12 AuditChecklistController Http GET request calledAuditChecklistController
INFO  12:23:12  Http GET request calledChecklistProvider
INFO  12:23:12 Log from ChecklistRepo
INFO  01:55:38 Application started. Press Ctrl+C to shut down.
INFO  01:55:38 Application started. Press Ctrl+C to shut down.
INFO  01:55:38 Hosting environment: Development
INFO  01:55:38 Hosting environment: Development
INFO  01:55:38 Content root path: C:\Users\PRAVEEN KUMAR\OneDrive\Desktop\AuditManagementSystem-master\AuditManagementSystem-master\AuditChecklistModule
INFO  01:55:38 Content root path: C:\Users\PRAVEEN KUMAR\OneDrive\Desktop\AuditManagementSystem-master\AuditManagementSystem-master\AuditChecklistModule
INFO  01:57:39 Application started. Press Ctrl+C to shut down.
INFO  01:57:39 Application started. Press Ctrl+C to shut down.
INFO  01:57:39 Hosting environment: Development
INFO  01:57:39 Hosting environment: Development
INFO  01:57:39 Content root path: C:\Users\PRAVEEN KUMAR\OneDrive\Desktop\AuditManagementSystem-master\AuditManagementSystem-master\AuditChecklistModule
INFO  01:57:39 Content root path: C:\Users\PRAVEEN KUMAR\OneDrive\Desktop\AuditManagementSystem-master\AuditManagementSystem-master\AuditChecklistModule
INFO  02:19:41 AuditChecklistController Http GET request calledAuditChecklistController
INFO  02:19:41  Http GET request calledChecklistProvider
INFO  02:19:41 Log from ChecklistRepo
INFO  02:23:15 AuditChecklistController Http GET request calledAuditChecklistController
INFO  02:23:15  Http GET request calledChecklistProvider
INFO  02:23:15 Log from ChecklistRepo
INFO  02:23:49 AuditChecklistController Http GET request calledAuditChecklistController
INFO  02:23:49  Http GET request calledChecklistProvider
INFO  02:23:49 Log from ChecklistRepo
INFO  02:25:53 AuditChecklistController Http GET request calledAuditChecklistController
INFO  02:25:53  Http GET request calledChecklistProvider
INFO  02:25:53 Log from ChecklistRepo
INFO  02:26:31 AuditChecklistController Http GET request calledAuditChecklistController
INFO  02:26:31  Http GET request calledChecklistProvider
INFO  02:26:31 Log from ChecklistRepo
INFO  02:27:00 AuditChecklistController Http GET request calledAuditChecklistController
INFO  02:27:00  Http GET request calledChecklistProvider
INFO  02:27:00 Log from ChecklistRepo
INFO  02:28:25 AuditChecklistController Http GET request calledAuditChecklistController
INFO  02:28:25  Http GET request calledChecklistProvider
INFO  02:28:25 Log from ChecklistRepo
INFO  02:29:22 AuditChecklistController Http GET request calledAuditChecklistController
INFO  02:29:22  Http GET request calledChecklistProvider
INFO  02:29:22 Log from ChecklistRepo
INFO  02:29:48 AuditChecklistController Http GET request calledAuditChecklistController
INFO  02:29:48  Http GET request calledChecklistProvider
INFO  02:29:48 Log from ChecklistRepo
INFO  02:30:12 AuditChecklistController Http GET request calledAuditChecklistController
INFO  02:30:12  Http GET request calledChecklistProvider
INFO  02:30:12 Log from ChecklistRepo
INFO  02:51:55 Application started. Press Ctrl+C to shut down.
INFO  02:51:55 Application started. Press Ctrl+C to shut down.
INFO  02:51:55 Hosting environment: Development
INFO  02:51:55 Hosting environment: Development
INFO  02:51:55 Content root path: C:\Users\PRAVEEN KUMAR\OneDrive\Desktop\AuditManagementSystem-master\AuditManagementSystem-master\AuditChecklistModule
INFO  02:51:55 Content root path: C:\Users\PRAVEEN KUMAR\OneDrive\Desktop\AuditManagementSystem-master\AuditManagementSystem-master\AuditChecklistModule
INFO  02:57:23 AuditChecklistController Http GET request calledAuditChecklistController
INFO  02:57:23  Http GET request calledChecklistProvider
INFO  02:57:23 Log from ChecklistRepo
INFO  02:58:09 AuditChecklistController Http GET request calledAuditChecklistController
INFO  02:58:09  Http GET request calledChecklistProvider
INFO  02:58:09 Log from ChecklistRepo
